DELETE FROM SCHEDULE WHERE TITLE='prayer_fajr'
DELETE FROM SCHEDULE WHERE TITLE='prayer_zuhr'
DELETE FROM SCHEDULE WHERE TITLE='prayer_shuruq'
DELETE FROM SCHEDULE WHERE TITLE='prayer_asr'
DELETE FROM SCHEDULE WHERE TITLE='prayer_maghrib'
DELETE FROM SCHEDULE WHERE TITLE='prayer_isha'
DELETE FROM SCHEDULE WHERE TITLE='prayer_fajr'
DELETE FROM SCHEDULE WHERE TITLE='prayer_zuhr'
DELETE FROM SCHEDULE WHERE TITLE='prayer_shuruq'
DELETE FROM SCHEDULE WHERE TITLE='prayer_asr'
DELETE FROM SCHEDULE WHERE TITLE='prayer_maghrib'
DELETE FROM SCHEDULE WHERE TITLE='prayer_isha'
DELETE FROM SCHEDULE WHERE TITLE='prayer_fajr'
DELETE FROM SCHEDULE WHERE TITLE='prayer_zuhr'
DELETE FROM SCHEDULE WHERE TITLE='prayer_shuruq'
DELETE FROM SCHEDULE WHERE TITLE='prayer_asr'
DELETE FROM SCHEDULE WHERE TITLE='prayer_maghrib'
DELETE FROM SCHEDULE WHERE TITLE='prayer_isha'
DELETE FROM SCHEDULE WHERE TITLE='prayer_fajr'
DELETE FROM SCHEDULE WHERE TITLE='prayer_zuhr'
DELETE FROM SCHEDULE WHERE TITLE='prayer_shuruq'
DELETE FROM SCHEDULE WHERE TITLE='prayer_asr'
DELETE FROM SCHEDULE WHERE TITLE='prayer_maghrib'
DELETE FROM SCHEDULE WHERE TITLE='prayer_isha'
DELETE FROM SCHEDULE WHERE TITLE='prayer_fajr'
DELETE FROM SCHEDULE WHERE TITLE='prayer_zuhr'
DELETE FROM SCHEDULE WHERE TITLE='prayer_shuruq'
DELETE FROM SCHEDULE WHERE TITLE='prayer_asr'
DELETE FROM SCHEDULE WHERE TITLE='prayer_maghrib'
DELETE FROM SCHEDULE WHERE TITLE='prayer_isha'
fajr:05:14
dhuhr:12:06
asr:16:01
maghrib:17:45
isha:19:00
DELETE FROM SCHEDULE WHERE TITLE='prayer_fajr'
DELETE FROM SCHEDULE WHERE TITLE='prayer_dhuhr'
DELETE FROM SCHEDULE WHERE TITLE='prayer_asr'
DELETE FROM SCHEDULE WHERE TITLE='prayer_maghrib'
DELETE FROM SCHEDULE WHERE TITLE='prayer_isha'
fajr:05:12
dhuhr:12:06
asr:16:02
maghrib:17:46
isha:19:01
DELETE FROM SCHEDULE WHERE TITLE='prayer_fajr'
DELETE FROM SCHEDULE WHERE TITLE='prayer_dhuhr'
DELETE FROM SCHEDULE WHERE TITLE='prayer_asr'
DELETE FROM SCHEDULE WHERE TITLE='prayer_maghrib'
DELETE FROM SCHEDULE WHERE TITLE='prayer_isha'
fajr:05:11
dhuhr:12:06
asr:16:03
maghrib:17:47
isha:19:02
DELETE FROM SCHEDULE WHERE TITLE='prayer_fajr'
DELETE FROM SCHEDULE WHERE TITLE='prayer_dhuhr'
DELETE FROM SCHEDULE WHERE TITLE='prayer_asr'
DELETE FROM SCHEDULE WHERE TITLE='prayer_maghrib'
DELETE FROM SCHEDULE WHERE TITLE='prayer_isha'
fajr:05:14
dhuhr:12:57
asr:17:30
maghrib:19:23
isha:20:40
DELETE FROM SCHEDULE WHERE TITLE='prayer_fajr'
DELETE FROM SCHEDULE WHERE TITLE='prayer_dhuhr'
DELETE FROM SCHEDULE WHERE TITLE='prayer_asr'
DELETE FROM SCHEDULE WHERE TITLE='prayer_maghrib'
DELETE FROM SCHEDULE WHERE TITLE='prayer_isha'
/usr/bin/python3: can't open file '/home/pi/adhan/RaspBerryPiAdhan/www/commands/daily.py': [Errno 2] No such file or directory
